<?xml version="1.0" encoding="UTF-8"?>
<!-- Generated by org.testng.reporters.JUnitXMLReporter -->
<testsuite hostname="Rohini" name="Default test" tests="2" failures="0" timestamp="13 Mar 2017 03:58:13 GMT" time="16.043" errors="0">
  <testcase name="testGoogleLoginWithBlankUserID" time="1.276" classname="com.apex.google.login.GoogleLoginTest_NG"/>
  <testcase name="testGoogleLoginWithFailedLogin" time="2.052" classname="com.apex.google.login.GoogleLoginTest_NG"/>
</testsuite> <!-- Default test -->
